0 silly argv {
0 silly argv   _: [ 'create' ],
0 silly argv   lernaVersion: '7.1.3',
0 silly argv   '$0': 'C:\\Program Files\\nodejs\\node_modules\\lerna\\dist\\cli.js',
0 silly argv   name: 'demo'
0 silly argv }
1 notice cli v7.1.3
2 verbose packageConfigs Resolving packages based on package.json "workspaces" configuration.
3 verbose rootPath C:\Users\02044\Projects\components-library-seb
4 warn ENOREMOTE No git remote found, skipping repository property
5 error Error: canceled
5 error     at Interface.<anonymous> (C:\Users\02044\AppData\Roaming\nvm\v18.16.1\node_modules\lerna\node_modules\read\lib\read.js:79:15)
5 error     at Interface.emit (node:events:513:28)
5 error     at [_ttyWrite] [as _ttyWrite] (node:internal/readline/interface:1131:18)
5 error     at ReadStream.onkeypress (node:internal/readline/interface:270:20)
5 error     at ReadStream.emit (node:events:513:28)
5 error     at emitKeys (node:internal/readline/utils:357:14)
5 error     at emitKeys.next (<anonymous>)
5 error     at ReadStream.onData (node:internal/readline/emitKeypressEvents:64:36)
5 error     at ReadStream.emit (node:events:513:28)
